This is pdfTeX, Version 3.14159265-2.6-1.40.21 (TeX Live 2020) (preloaded format=pdflatex 2020.8.11)  3 SEP 2020 11:06
entering extended mode
 restricted \write18 enabled.
 %&-line parsing enabled.
**CV.tex
(./CV.tex
LaTeX2e <2020-02-02> patch level 5
L3 programming layer <2020-08-07> (./moderncv.cls
Document Class: moderncv 2015/07/28 v2.0.0 modern curriculum vitae and letter d
ocument class
(/Users/nicholasbaetge/Library/TinyTeX/texmf-dist/tex/latex/base/size11.clo
File: size11.clo 2019/12/20 v1.4l Standard LaTeX file (size option)
)
(/Users/nicholasbaetge/Library/TinyTeX/texmf-dist/tex/latex/etoolbox/etoolbox.s
ty
Package: etoolbox 2020/07/15 v2.5i e-TeX tools for LaTeX (JAW)
\etb@tempcnta=\count168
) (/Users/nicholasbaetge/Library/TinyTeX/texmf-dist/tex/latex/base/ifthen.sty
Package: ifthen 2014/09/29 v1.1c Standard LaTeX ifthen package (DPC)
) (/Users/nicholasbaetge/Library/TinyTeX/texmf-dist/tex/latex/xcolor/xcolor.sty
Package: xcolor 2016/05/11 v2.12 LaTeX color extensions (UK)

(/Users/nicholasbaetge/Library/TinyTeX/texmf-dist/tex/latex/graphics-cfg/color.
cfg
File: color.cfg 2016/01/02 v1.6 sample color configuration
)
Package xcolor Info: Driver file: pdftex.def on input line 225.

(/Users/nicholasbaetge/Library/TinyTeX/texmf-dist/tex/latex/graphics-def/pdftex
.def
File: pdftex.def 2018/01/08 v1.0l Graphics/color driver for pdftex
)
(/Users/nicholasbaetge/Library/TinyTeX/texmf-dist/tex/latex/colortbl/colortbl.s
ty
Package: colortbl 2020/01/04 v1.0e Color table columns (DPC)
(/Users/nicholasbaetge/Library/TinyTeX/texmf-dist/tex/latex/tools/array.sty
Package: array 2019/08/31 v2.4l Tabular extension package (FMi)
\col@sep=\dimen134
\ar@mcellbox=\box45
\extrarowheight=\dimen135
\NC@list=\toks15
\extratabsurround=\skip47
\backup@length=\skip48
\ar@cellbox=\box46
)
\everycr=\toks16
\minrowclearance=\skip49
)
\rownum=\count169
Package xcolor Info: Model `cmy' substituted by `cmy0' on input line 1348.
Package xcolor Info: Model `hsb' substituted by `rgb' on input line 1352.
Package xcolor Info: Model `RGB' extended on input line 1364.
Package xcolor Info: Model `HTML' substituted by `rgb' on input line 1366.
Package xcolor Info: Model `Hsb' substituted by `hsb' on input line 1367.
Package xcolor Info: Model `tHsb' substituted by `hsb' on input line 1368.
Package xcolor Info: Model `HSB' substituted by `hsb' on input line 1369.
Package xcolor Info: Model `Gray' substituted by `gray' on input line 1370.
Package xcolor Info: Model `wave' substituted by `hsb' on input line 1371.
)
(/Users/nicholasbaetge/Library/TinyTeX/texmf-dist/tex/generic/iftex/ifxetex.sty
Package: ifxetex 2019/10/25 v0.7 ifxetex legacy package. Use iftex instead.
(/Users/nicholasbaetge/Library/TinyTeX/texmf-dist/tex/generic/iftex/iftex.sty
Package: iftex 2020/03/06 v1.0d TeX engine tests
))
(/Users/nicholasbaetge/Library/TinyTeX/texmf-dist/tex/generic/iftex/ifluatex.st
y
Package: ifluatex 2019/10/25 v1.5 ifluatex legacy package. Use iftex instead.
) (/Users/nicholasbaetge/Library/TinyTeX/texmf-dist/tex/latex/base/fontenc.sty
Package: fontenc 2020/02/11 v2.0o Standard LaTeX package
) (/Users/nicholasbaetge/Library/TinyTeX/texmf-dist/tex/latex/lm/lmodern.sty
Package: lmodern 2009/10/30 v1.6 Latin Modern Fonts
LaTeX Font Info:    Overwriting symbol font `operators' in version `normal'
(Font)                  OT1/cmr/m/n --> OT1/lmr/m/n on input line 22.
LaTeX Font Info:    Overwriting symbol font `letters' in version `normal'
(Font)                  OML/cmm/m/it --> OML/lmm/m/it on input line 23.
LaTeX Font Info:    Overwriting symbol font `symbols' in version `normal'
(Font)                  OMS/cmsy/m/n --> OMS/lmsy/m/n on input line 24.
LaTeX Font Info:    Overwriting symbol font `largesymbols' in version `normal'
(Font)                  OMX/cmex/m/n --> OMX/lmex/m/n on input line 25.
LaTeX Font Info:    Overwriting symbol font `operators' in version `bold'
(Font)                  OT1/cmr/bx/n --> OT1/lmr/bx/n on input line 26.
LaTeX Font Info:    Overwriting symbol font `letters' in version `bold'
(Font)                  OML/cmm/b/it --> OML/lmm/b/it on input line 27.
LaTeX Font Info:    Overwriting symbol font `symbols' in version `bold'
(Font)                  OMS/cmsy/b/n --> OMS/lmsy/b/n on input line 28.
LaTeX Font Info:    Overwriting symbol font `largesymbols' in version `bold'
(Font)                  OMX/cmex/m/n --> OMX/lmex/m/n on input line 29.
LaTeX Font Info:    Overwriting math alphabet `\mathbf' in version `normal'
(Font)                  OT1/cmr/bx/n --> OT1/lmr/bx/n on input line 31.
LaTeX Font Info:    Overwriting math alphabet `\mathsf' in version `normal'
(Font)                  OT1/cmss/m/n --> OT1/lmss/m/n on input line 32.
LaTeX Font Info:    Overwriting math alphabet `\mathit' in version `normal'
(Font)                  OT1/cmr/m/it --> OT1/lmr/m/it on input line 33.
LaTeX Font Info:    Overwriting math alphabet `\mathtt' in version `normal'
(Font)                  OT1/cmtt/m/n --> OT1/lmtt/m/n on input line 34.
LaTeX Font Info:    Overwriting math alphabet `\mathbf' in version `bold'
(Font)                  OT1/cmr/bx/n --> OT1/lmr/bx/n on input line 35.
LaTeX Font Info:    Overwriting math alphabet `\mathsf' in version `bold'
(Font)                  OT1/cmss/bx/n --> OT1/lmss/bx/n on input line 36.
LaTeX Font Info:    Overwriting math alphabet `\mathit' in version `bold'
(Font)                  OT1/cmr/bx/it --> OT1/lmr/bx/it on input line 37.
LaTeX Font Info:    Overwriting math alphabet `\mathtt' in version `bold'
(Font)                  OT1/cmtt/m/n --> OT1/lmtt/m/n on input line 38.
) (/Users/nicholasbaetge/Library/TinyTeX/texmf-dist/tex/latex/url/url.sty
\Urlmuskip=\muskip16
Package: url 2013/09/16  ver 3.4  Verb mode for urls, etc.
)
(/Users/nicholasbaetge/Library/TinyTeX/texmf-dist/tex/latex/graphics/graphicx.s
ty
Package: graphicx 2019/11/30 v1.2a Enhanced LaTeX Graphics (DPC,SPQR)

(/Users/nicholasbaetge/Library/TinyTeX/texmf-dist/tex/latex/graphics/keyval.sty
Package: keyval 2014/10/28 v1.15 key=value parser (DPC)
\KV@toks@=\toks17
)
(/Users/nicholasbaetge/Library/TinyTeX/texmf-dist/tex/latex/graphics/graphics.s
ty
Package: graphics 2019/11/30 v1.4a Standard LaTeX Graphics (DPC,SPQR)
(/Users/nicholasbaetge/Library/TinyTeX/texmf-dist/tex/latex/graphics/trig.sty
Package: trig 2016/01/03 v1.10 sin cos tan (DPC)
)
(/Users/nicholasbaetge/Library/TinyTeX/texmf-dist/tex/latex/graphics-cfg/graphi
cs.cfg
File: graphics.cfg 2016/06/04 v1.11 sample graphics configuration
)
Package graphics Info: Driver file: pdftex.def on input line 105.
)
\Gin@req@height=\dimen136
\Gin@req@width=\dimen137
)
(/Users/nicholasbaetge/Library/TinyTeX/texmf-dist/tex/latex/fancyhdr/fancyhdr.s
ty
Package: fancyhdr 2019/01/31 v3.10 Extensive control of page headers and footer
s
\f@nch@headwidth=\skip50
\f@nch@O@elh=\skip51
\f@nch@O@erh=\skip52
\f@nch@O@olh=\skip53
\f@nch@O@orh=\skip54
\f@nch@O@elf=\skip55
\f@nch@O@erf=\skip56
\f@nch@O@olf=\skip57
\f@nch@O@orf=\skip58
) (./tweaklist.sty) (/Users/nicholasbaetge/Library/TinyTeX/texmf-dist/tex/latex
/tools/calc.sty
Package: calc 2017/05/25 v4.3 Infix arithmetic (KKT,FJ)
\calc@Acount=\count170
\calc@Bcount=\count171
\calc@Adimen=\dimen138
\calc@Bdimen=\dimen139
\calc@Askip=\skip59
\calc@Bskip=\skip60
LaTeX Info: Redefining \setlength on input line 80.
LaTeX Info: Redefining \addtolength on input line 81.
\calc@Ccount=\count172
\calc@Cskip=\skip61
)
(/Users/nicholasbaetge/Library/TinyTeX/texmf-dist/tex/latex/l3packages/xparse/x
parse.sty (/Users/nicholasbaetge/Library/TinyTeX/texmf-dist/tex/latex/l3kernel/
expl3.sty
Package: expl3 2020-08-07 L3 programming layer (loader) 

(/Users/nicholasbaetge/Library/TinyTeX/texmf-dist/tex/latex/l3backend/l3backend
-pdfmode.def
File: l3backend-pdfmode.def 2020-08-07 L3 backend support: PDF mode
\l__kernel_color_stack_int=\count173
\l__pdf_internal_box=\box47
))
Package: xparse 2020-05-15 L3 Experimental document command parser

(/Users/nicholasbaetge/Library/TinyTeX/texmf-dist/tex/latex/l3packages/xparse/x
parse-generic.tex
\l__xparse_current_arg_int=\count174
\g__xparse_grabber_int=\count175
\l__xparse_m_args_int=\count176
\l__xparse_v_nesting_int=\count177
))
(/Users/nicholasbaetge/Library/TinyTeX/texmf-dist/tex/latex/microtype/microtype
.sty
Package: microtype 2019/11/18 v2.7d Micro-typographical refinements (RS)
\MT@toks=\toks18
\MT@count=\count178
LaTeX Info: Redefining \textls on input line 790.
\MT@outer@kern=\dimen140
LaTeX Info: Redefining \textmicrotypecontext on input line 1354.
\MT@listname@count=\count179

(/Users/nicholasbaetge/Library/TinyTeX/texmf-dist/tex/latex/microtype/microtype
-pdftex.def
File: microtype-pdftex.def 2019/11/18 v2.7d Definitions specific to pdftex (RS)

LaTeX Info: Redefining \lsstyle on input line 914.
LaTeX Info: Redefining \lslig on input line 914.
\MT@outer@space=\skip62
)
Package microtype Info: Loading configuration file microtype.cfg.

(/Users/nicholasbaetge/Library/TinyTeX/texmf-dist/tex/latex/microtype/microtype
.cfg
File: microtype.cfg 2019/11/18 v2.7d microtype main configuration file (RS)
)) (./moderncvcollection.sty
Package: moderncvcollection 2015/07/28 v2.0.0 moderncv collections
\c@collection@iterator=\count180
)
(/Users/nicholasbaetge/Library/TinyTeX/texmf-dist/tex/latex/moderncv/moderncvco
mpatibility.sty
Package: moderncvcompatibility 2015/07/28 v2.0.0 modern curriculum vitae and le
tter compatibility patches
)
\c@collection@phones@count=\count181
\c@collection@socials@count=\count182
\c@cvcolumnscounter=\count183
\c@cvcolumnsautowidthcounter=\count184
\c@tmpiteratorcounter=\count185
\cvcolumnsdummywidth=\skip63
\cvcolumnswidth=\skip64
\cvcolumnsautowidth=\skip65
\cvcolumnautowidth=\skip66
\bibindent=\skip67
) (./moderncvstylecasual.sty
Package: moderncvstylecasual 2015/07/28 v2.0.0 modern curriculum vitae and lett
er style scheme: casual

(/Users/nicholasbaetge/Library/TinyTeX/texmf-dist/tex/latex/moderncv/moderncvic
onsawesome.sty
Package: moderncviconsawesome 2015/07/28 v2.0.0 modern curriculum vitae and let
ter icons: awesome

(/Users/nicholasbaetge/Library/TinyTeX/texmf-dist/tex/latex/fontawesome/fontawe
some.sty
Package: fontawesome 2016/05/15 v4.6.3.1 font awesome icons

(/Users/nicholasbaetge/Library/TinyTeX/texmf-dist/tex/latex/fontawesome/fontawe
somesymbols-generic.tex)
(/Users/nicholasbaetge/Library/TinyTeX/texmf-dist/tex/latex/fontawesome/fontawe
somesymbols-pdftex.tex))) (./moderncvheadii.sty
Package: moderncvheadii 2015/07/28 v2.0.0 modern curriculum vitae and letter he
ader variant: 2
\makeheaddetailsbox=\box48
\makeheaddetailstempbox=\box49
\makeheaddetailswidth=\skip68
\makeheaddetailsboxwidth=\skip69
\quotewidth=\skip70
) (./moderncvbodyi.sty
Package: moderncvbodyi 2015/07/28 v2.0.0 modern curriculum vitae and letter bod
y variant: 1
\hintscolumnwidth=\skip71
\separatorcolumnwidth=\skip72
\maincolumnwidth=\skip73
\doubleitemcolumnwidth=\skip74
\listitemsymbolwidth=\skip75
LaTeX Font Info:    Trying to load font information for U+fontawesometwo on inp
ut line 46.

(/Users/nicholasbaetge/Library/TinyTeX/texmf-dist/tex/latex/fontawesome/ufontaw
esometwo.fd
File: ufontawesometwo.fd 2016/05/22 Font definitions for U/fontawesometwo.
)
\listitemcolumnwidth=\skip76
\listdoubleitemcolumnwidth=\skip77
\baseletterheight=\skip78
\cvitemwithcommentbox=\box50
\cvitemwithcommentskilllength=\skip79
\cvitemwithcommentcommentlength=\skip80
) (./moderncvfooti.sty
Package: moderncvfooti 2015/07/28 v2.0.0 modern curriculum vitae and letter foo
ter variant: 1
\footwidth=\skip81
\footbox=\box51
\foottempbox=\box52
\footboxwidth=\skip82
))
(/Users/nicholasbaetge/Library/TinyTeX/texmf-dist/tex/latex/dejavu/DejaVuSansMo
no.sty
Package: DejaVuSansMono 2011/06/01 Style file for DejaVuSansMono.
)
(/Users/nicholasbaetge/Library/TinyTeX/texmf-dist/tex/latex/geometry/geometry.s
ty
Package: geometry 2020/01/02 v5.9 Page Geometry
(/Users/nicholasbaetge/Library/TinyTeX/texmf-dist/tex/generic/iftex/ifvtex.sty
Package: ifvtex 2019/10/25 v1.7 ifvtex legacy package. Use iftex instead.
)
\Gm@cnth=\count186
\Gm@cntv=\count187
\c@Gm@tempcnt=\count188
\Gm@bindingoffset=\dimen141
\Gm@wd@mp=\dimen142
\Gm@odd@mp=\dimen143
\Gm@even@mp=\dimen144
\Gm@layoutwidth=\dimen145
\Gm@layoutheight=\dimen146
\Gm@layouthoffset=\dimen147
\Gm@layoutvoffset=\dimen148
\Gm@dimlist=\toks19
)
(/Users/nicholasbaetge/Library/TinyTeX/texmf-dist/tex/latex/hyperref/hyperref.s
ty
Package: hyperref 2020-05-15 v7.00e Hypertext links for LaTeX

(/Users/nicholasbaetge/Library/TinyTeX/texmf-dist/tex/generic/ltxcmds/ltxcmds.s
ty
Package: ltxcmds 2019/12/15 v1.24 LaTeX kernel commands for general use (HO)
)
(/Users/nicholasbaetge/Library/TinyTeX/texmf-dist/tex/generic/pdftexcmds/pdftex
cmds.sty
Package: pdftexcmds 2020-06-27 v0.33 Utility functions of pdfTeX for LuaTeX (HO
)

(/Users/nicholasbaetge/Library/TinyTeX/texmf-dist/tex/generic/infwarerr/infware
rr.sty
Package: infwarerr 2019/12/03 v1.5 Providing info/warning/error messages (HO)
)
Package pdftexcmds Info: \pdf@primitive is available.
Package pdftexcmds Info: \pdf@ifprimitive is available.
Package pdftexcmds Info: \pdfdraftmode found.
)
(/Users/nicholasbaetge/Library/TinyTeX/texmf-dist/tex/generic/kvsetkeys/kvsetke
ys.sty
Package: kvsetkeys 2019/12/15 v1.18 Key value parser (HO)
)
(/Users/nicholasbaetge/Library/TinyTeX/texmf-dist/tex/generic/kvdefinekeys/kvde
finekeys.sty
Package: kvdefinekeys 2019-12-19 v1.6 Define keys (HO)
)
(/Users/nicholasbaetge/Library/TinyTeX/texmf-dist/tex/generic/pdfescape/pdfesca
pe.sty
Package: pdfescape 2019/12/09 v1.15 Implements pdfTeX's escape features (HO)
)
(/Users/nicholasbaetge/Library/TinyTeX/texmf-dist/tex/latex/hycolor/hycolor.sty
Package: hycolor 2020-01-27 v1.10 Color options for hyperref/bookmark (HO)
)
(/Users/nicholasbaetge/Library/TinyTeX/texmf-dist/tex/latex/letltxmacro/letltxm
acro.sty
Package: letltxmacro 2019/12/03 v1.6 Let assignment for LaTeX macros (HO)
)
(/Users/nicholasbaetge/Library/TinyTeX/texmf-dist/tex/latex/auxhook/auxhook.sty
Package: auxhook 2019-12-17 v1.6 Hooks for auxiliary files (HO)
)
(/Users/nicholasbaetge/Library/TinyTeX/texmf-dist/tex/latex/kvoptions/kvoptions
.sty
Package: kvoptions 2019/11/29 v3.13 Key value format for package options (HO)
)
\@linkdim=\dimen149
\Hy@linkcounter=\count189
\Hy@pagecounter=\count190

(/Users/nicholasbaetge/Library/TinyTeX/texmf-dist/tex/latex/hyperref/pd1enc.def
File: pd1enc.def 2020-05-15 v7.00e Hyperref: PDFDocEncoding definition (HO)
Now handling font encoding PD1 ...
... no UTF-8 mapping file for font encoding PD1
)
(/Users/nicholasbaetge/Library/TinyTeX/texmf-dist/tex/generic/intcalc/intcalc.s
ty
Package: intcalc 2019/12/15 v1.3 Expandable calculations with integers (HO)
)
(/Users/nicholasbaetge/Library/TinyTeX/texmf-dist/tex/generic/etexcmds/etexcmds
.sty
Package: etexcmds 2019/12/15 v1.7 Avoid name clashes with e-TeX commands (HO)
)
\Hy@SavedSpaceFactor=\count191
Package hyperref Info: Option `unicode' set `true' on input line 4338.
(/Users/nicholasbaetge/Library/TinyTeX/texmf-dist/tex/latex/hyperref/puenc.def
File: puenc.def 2020-05-15 v7.00e Hyperref: PDF Unicode definition (HO)
Now handling font encoding PU ...
... no UTF-8 mapping file for font encoding PU
)
Package hyperref Info: Hyper figures OFF on input line 4464.
Package hyperref Info: Link nesting OFF on input line 4469.
Package hyperref Info: Hyper index ON on input line 4472.
Package hyperref Info: Plain pages OFF on input line 4479.
Package hyperref Info: Backreferencing OFF on input line 4484.
Package hyperref Info: Implicit mode ON; LaTeX internals redefined.
Package hyperref Info: Bookmarks ON on input line 4717.
\c@Hy@tempcnt=\count192
LaTeX Info: Redefining \url on input line 5076.
\XeTeXLinkMargin=\dimen150

(/Users/nicholasbaetge/Library/TinyTeX/texmf-dist/tex/generic/bitset/bitset.sty
Package: bitset 2019/12/09 v1.3 Handle bit-vector datatype (HO)

(/Users/nicholasbaetge/Library/TinyTeX/texmf-dist/tex/generic/bigintcalc/bigint
calc.sty
Package: bigintcalc 2019/12/15 v1.5 Expandable calculations on big integers (HO
)
))
\Fld@menulength=\count193
\Field@Width=\dimen151
\Fld@charsize=\dimen152
Package hyperref Info: Hyper figures OFF on input line 6347.
Package hyperref Info: Link nesting OFF on input line 6352.
Package hyperref Info: Hyper index ON on input line 6355.
Package hyperref Info: backreferencing OFF on input line 6362.
Package hyperref Info: Link coloring OFF on input line 6367.
Package hyperref Info: Link coloring with OCG OFF on input line 6372.
Package hyperref Info: PDF/A mode OFF on input line 6377.
LaTeX Info: Redefining \ref on input line 6417.
LaTeX Info: Redefining \pageref on input line 6421.

(/Users/nicholasbaetge/Library/TinyTeX/texmf-dist/tex/generic/atbegshi/atbegshi
.sty
Package: atbegshi 2019/12/05 v1.19 At begin shipout hook (HO)
)
\Hy@abspage=\count194
\c@Item=\count195
\c@Hfootnote=\count196
)
Package hyperref Info: Driver (autodetected): hpdftex.

(/Users/nicholasbaetge/Library/TinyTeX/texmf-dist/tex/latex/hyperref/hpdftex.de
f
File: hpdftex.def 2020-05-15 v7.00e Hyperref driver for pdfTeX

(/Users/nicholasbaetge/Library/TinyTeX/texmf-dist/tex/latex/atveryend/atveryend
.sty
Package: atveryend 2019-12-11 v1.11 Hooks at the very end of document (HO)
)
\Fld@listcount=\count197
\c@bookmark@seq@number=\count198

(/Users/nicholasbaetge/Library/TinyTeX/texmf-dist/tex/latex/rerunfilecheck/reru
nfilecheck.sty
Package: rerunfilecheck 2019/12/05 v1.9 Rerun checks for auxiliary files (HO)

(/Users/nicholasbaetge/Library/TinyTeX/texmf-dist/tex/generic/uniquecounter/uni
quecounter.sty
Package: uniquecounter 2019/12/15 v1.4 Provide unlimited unique counter (HO)
)
Package uniquecounter Info: New unique counter `rerunfilecheck' on input line 2
86.
)
\Hy@SectionHShift=\skip83
)
Package hyperref Info: Option `breaklinks' set `true' on input line 71.
Package hyperref Info: Option `bookmarksopen' set `true' on input line 71.
(./CV.aux)
\openout1 = `CV.aux'.

LaTeX Font Info:    Checking defaults for OML/cmm/m/it on input line 71.
LaTeX Font Info:    ... okay on input line 71.
LaTeX Font Info:    Checking defaults for OMS/cmsy/m/n on input line 71.
LaTeX Font Info:    ... okay on input line 71.
LaTeX Font Info:    Checking defaults for OT1/cmr/m/n on input line 71.
LaTeX Font Info:    ... okay on input line 71.
LaTeX Font Info:    Checking defaults for T1/cmr/m/n on input line 71.
LaTeX Font Info:    ... okay on input line 71.
LaTeX Font Info:    Checking defaults for TS1/cmr/m/n on input line 71.
LaTeX Font Info:    ... okay on input line 71.
LaTeX Font Info:    Checking defaults for OMX/cmex/m/n on input line 71.
LaTeX Font Info:    ... okay on input line 71.
LaTeX Font Info:    Checking defaults for U/cmr/m/n on input line 71.
LaTeX Font Info:    ... okay on input line 71.
LaTeX Font Info:    Checking defaults for PD1/pdf/m/n on input line 71.
LaTeX Font Info:    ... okay on input line 71.
LaTeX Font Info:    Checking defaults for PU/pdf/m/n on input line 71.
LaTeX Font Info:    ... okay on input line 71.
LaTeX Font Info:    Trying to load font information for T1+lmr on input line 71
.
(/Users/nicholasbaetge/Library/TinyTeX/texmf-dist/tex/latex/lm/t1lmr.fd
File: t1lmr.fd 2009/10/30 v1.6 Font defs for Latin Modern
)
(/Users/nicholasbaetge/Library/TinyTeX/texmf-dist/tex/latex/epstopdf-pkg/epstop
df-base.sty
Package: epstopdf-base 2020-01-24 v2.11 Base part for package epstopdf
Package epstopdf-base Info: Redefining graphics rule for `.eps' on input line 4
85.

(/Users/nicholasbaetge/Library/TinyTeX/texmf-dist/tex/latex/latexconfig/epstopd
f-sys.cfg
File: epstopdf-sys.cfg 2010/07/13 v1.3 Configuration of (r)epstopdf for TeX Liv
e
))
LaTeX Info: Redefining \microtypecontext on input line 71.
Package microtype Info: Generating PDF output.
Package microtype Info: Character protrusion enabled (level 2).
Package microtype Info: Using default protrusion set `alltext'.
Package microtype Info: Automatic font expansion enabled (level 2),
(microtype)             stretch: 20, shrink: 20, step: 1, non-selected.
Package microtype Info: Using default expansion set `basictext'.
LaTeX Info: Redefining \showhyphens on input line 71.
Package microtype Info: No adjustment of tracking.
Package microtype Info: No adjustment of interword spacing.
Package microtype Info: No adjustment of character kerning.

(/Users/nicholasbaetge/Library/TinyTeX/texmf-dist/tex/latex/microtype/mt-cmr.cf
g
File: mt-cmr.cfg 2013/05/19 v2.2 microtype config. file: Computer Modern Roman 
(RS)
)
*geometry* driver: auto-detecting
*geometry* detected driver: pdftex
*geometry* verbose mode - [ preamble ] result:
* driver: pdftex
* paper: a4paper
* layout: <same size as paper>
* layoutoffset:(h,v)=(0.0pt,0.0pt)
* modes: 
* h-part:(L,W,R)=(74.68848pt, 448.1309pt, 74.68849pt)
* v-part:(T,H,B)=(84.50467pt, 633.78513pt, 126.75705pt)
* \paperwidth=597.50787pt
* \paperheight=845.04684pt
* \textwidth=448.1309pt
* \textheight=633.78513pt
* \oddsidemargin=2.41849pt
* \evensidemargin=2.41849pt
* \topmargin=-24.76532pt
* \headheight=12.0pt
* \headsep=25.0pt
* \topskip=11.0pt
* \footskip=52.0pt
* \marginparwidth=50.0pt
* \marginparsep=10.0pt
* \columnsep=10.0pt
* \skip\footins=10.0pt plus 4.0pt minus 2.0pt
* \hoffset=0.0pt
* \voffset=0.0pt
* \mag=1000
* \@twocolumnfalse
* \@twosidefalse
* \@mparswitchfalse
* \@reversemarginfalse
* (1in=72.27pt=25.4mm, 1cm=28.453pt)

\AtBeginShipoutBox=\box53
Package hyperref Info: Link coloring OFF on input line 71.

(/Users/nicholasbaetge/Library/TinyTeX/texmf-dist/tex/latex/hyperref/nameref.st
y
Package: nameref 2019/09/16 v2.46 Cross-referencing by name of section

(/Users/nicholasbaetge/Library/TinyTeX/texmf-dist/tex/latex/refcount/refcount.s
ty
Package: refcount 2019/12/15 v3.6 Data extraction from label references (HO)
)
(/Users/nicholasbaetge/Library/TinyTeX/texmf-dist/tex/generic/gettitlestring/ge
ttitlestring.sty
Package: gettitlestring 2019/12/15 v1.6 Cleanup title references (HO)
)
\c@section@level=\count199
)
LaTeX Info: Redefining \ref on input line 71.
LaTeX Info: Redefining \pageref on input line 71.
LaTeX Info: Redefining \nameref on input line 71.
(./CV.out) (./CV.out)
\@outlinefile=\write3
\openout3 = `CV.out'.

\makecvheadpicturebox=\box54
\makecvheadpicturewidth=\skip84
\makecvheadnamebox=\box55

Underfull \hbox (badness 10000) in paragraph at lines 74--74

 []

LaTeX Font Info:    Trying to load font information for OT1+lmr on input line 7
9.
(/Users/nicholasbaetge/Library/TinyTeX/texmf-dist/tex/latex/lm/ot1lmr.fd
File: ot1lmr.fd 2009/10/30 v1.6 Font defs for Latin Modern
)
LaTeX Font Info:    Trying to load font information for OML+lmm on input line 7
9.
(/Users/nicholasbaetge/Library/TinyTeX/texmf-dist/tex/latex/lm/omllmm.fd
File: omllmm.fd 2009/10/30 v1.6 Font defs for Latin Modern
)
LaTeX Font Info:    Trying to load font information for OMS+lmsy on input line 
79.
(/Users/nicholasbaetge/Library/TinyTeX/texmf-dist/tex/latex/lm/omslmsy.fd
File: omslmsy.fd 2009/10/30 v1.6 Font defs for Latin Modern
)
LaTeX Font Info:    Trying to load font information for OMX+lmex on input line 
79.
(/Users/nicholasbaetge/Library/TinyTeX/texmf-dist/tex/latex/lm/omxlmex.fd
File: omxlmex.fd 2009/10/30 v1.6 Font defs for Latin Modern
)
LaTeX Font Info:    External font `lmex10' loaded for size
(Font)              <10.95> on input line 79.
LaTeX Font Info:    External font `lmex10' loaded for size
(Font)              <8> on input line 79.
LaTeX Font Info:    External font `lmex10' loaded for size
(Font)              <6> on input line 79.

LaTeX Font Warning: Font shape `U/fontawesometwo/m/sl' undefined
(Font)              using `U/fontawesometwo/m/n' instead on input line 96.

LaTeX Font Info:    Trying to load font information for TS1+lmr on input line 9
6.
(/Users/nicholasbaetge/Library/TinyTeX/texmf-dist/tex/latex/lm/ts1lmr.fd
File: ts1lmr.fd 2009/10/30 v1.6 Font defs for Latin Modern
)
LaTeX Font Info:    Trying to load font information for T1+DejaVuSansMono-TLF o
n input line 96.

(/Users/nicholasbaetge/Library/TinyTeX/texmf-dist/tex/latex/dejavu/T1DejaVuSans
Mono-TLF.fd
File: T1DejaVuSansMono-TLF.fd 2011/06/01 Font definitions for T1/DejaVuSansMono
-TLF.
)
LaTeX Font Info:    Font shape `T1/DejaVuSansMono-TLF/m/sl' in size <10.95> not
 available
(Font)              Font shape `T1/DejaVuSansMono-TLF/m/it' tried instead on in
put line 96.
LaTeX Font Info:    Font shape `T1/DejaVuSansMono-TLF/m/it' will be
(Font)              scaled to size 9.41699pt on input line 96.
Package microtype Info: Loading generic protrusion settings for font family
(microtype)             `DejaVuSansMono-TLF' (encoding: T1).
(microtype)             For optimal results, create family-specific settings.
(microtype)             See the microtype manual for details.
LaTeX Font Info:    Trying to load font information for U+fontawesomethree on i
nput line 96.

(/Users/nicholasbaetge/Library/TinyTeX/texmf-dist/tex/latex/fontawesome/ufontaw
esomethree.fd
File: ufontawesomethree.fd 2016/05/22 Font definitions for U/fontawesomethree.
)

LaTeX Font Warning: Font shape `U/fontawesomethree/m/sl' undefined
(Font)              using `U/fontawesomethree/m/n' instead on input line 96.


Package Fancyhdr Warning: \footskip is too small (52.0pt): 
Make it at least 56.03203pt.
We now make it that large for the rest of the document.
This may cause the page layout to be inconsistent, however.

[1

{/Users/nicholasbaetge/Library/TinyTeX/texmf-var/fonts/map/pdftex/updmap/pdftex
.map}] [2]
Underfull \hbox (badness 1655) in paragraph at lines 104--104
[]|\T1/lmr/bx/n/10.95 DOC bioavail-abil-ity, bac-te-rial pro-duc-tion and car-b
on de-mand\T1/lmr/m/n/10.95 (+20) ,
 []

[3]
Underfull \hbox (badness 1132) in paragraph at lines 114--114
[]|\T1/lmr/bx/n/10.95 Introductionary Bi-ol-ogy Lab-o-ra-tory (EEMB 3L) TA\T1/l
mr/m/n/10.95 (+20) , UC Santa
 []

[4] [5]
Package atveryend Info: Empty hook `BeforeClearDocument' on input line 151.
Package atveryend Info: Empty hook `AfterLastShipout' on input line 151.
(./CV.aux)
Package atveryend Info: Executing hook `AtVeryEndDocument' on input line 151.
Package atveryend Info: Executing hook `AtEndAfterFileList' on input line 151.
Package rerunfilecheck Info: File `CV.out' has not changed.
(rerunfilecheck)             Checksum: 53E7B0F1F348C2E1F92827C7F589B3BC;1345.

LaTeX Font Warning: Some font shapes were not available, defaults substituted.

 ) 
Here is how much of TeX's memory you used:
 13755 strings out of 482841
 213942 string characters out of 5952941
 505719 words of memory out of 5000000
 28803 multiletter control sequences out of 15000+600000
 592603 words of font info for 89 fonts, out of 8000000 for 9000
 14 hyphenation exceptions out of 8191
 72i,13n,70p,3137b,557s stack positions out of 5000i,500n,10000p,200000b,80000s
{/Users/nicholasbaetge/Library/TinyTeX/texmf-dist/fonts/enc/dvips/fontawesome
/fontawesomethree.enc}{/Users/nicholasbaetge/Library/TinyTeX/texmf-dist/fonts/e
nc/dvips/dejavu/dejavumono_t1-type1.enc}{/Users/nicholasbaetge/Library/TinyTeX/
texmf-dist/fonts/enc/dvips/lm/lm-ts1.enc}{/Users/nicholasbaetge/Library/TinyTeX
/texmf-dist/fonts/enc/dvips/fontawesome/fontawesometwo.enc}{/Users/nicholasbaet
ge/Library/TinyTeX/texmf-dist/fonts/enc/dvips/lm/lm-ec.enc}</Users/nicholasbaet
ge/Library/TinyTeX/texmf-dist/fonts/type1/public/dejavu/DejaVuSansMono-Oblique.
pfb></Users/nicholasbaetge/Library/TinyTeX/texmf-dist/fonts/type1/public/fontaw
esome/FontAwesome.pfb></Users/nicholasbaetge/Library/TinyTeX/texmf-dist/fonts/t
ype1/public/lm/lmbx10.pfb></Users/nicholasbaetge/Library/TinyTeX/texmf-dist/fon
ts/type1/public/lm/lmr10.pfb></Users/nicholasbaetge/Library/TinyTeX/texmf-dist/
fonts/type1/public/lm/lmr12.pfb></Users/nicholasbaetge/Library/TinyTeX/texmf-di
st/fonts/type1/public/lm/lmr17.pfb></Users/nicholasbaetge/Library/TinyTeX/texmf
-dist/fonts/type1/public/lm/lmro10.pfb></Users/nicholasbaetge/Library/TinyTeX/t
exmf-dist/fonts/type1/public/lm/lmro17.pfb>
Output written on CV.pdf (5 pages, 219453 bytes).
PDF statistics:
 172 PDF objects out of 1000 (max. 8388607)
 145 compressed objects within 2 object streams
 30 named destinations out of 1000 (max. 500000)
 18529 words of extra memory for PDF output out of 20736 (max. 10000000)

